<?xml version="1.0" encoding="UTF-8"?>
<!-- Generated by org.testng.reporters.JUnitReportReporter -->
<testsuite hostname="ChandNaz" failures="0" tests="1" name="Test1" time="12.667" errors="0" timestamp="2025-01-02T15:23:05 IST" skipped="0">
  <testcase classname="Test1" name="E2E_Application" time="12.667"/>
</testsuite> <!-- Test1 -->
