<?xml version="1.0" encoding="UTF-8"?>
<!-- Generated by org.testng.reporters.JUnitReportReporter -->
<testsuite hostname="ChandNaz" failures="0" tests="1" name="Saucedemo_Tests.PlaceOrderTest" time="11.452" errors="0" timestamp="2025-01-03T16:54:21 IST" skipped="0">
  <testcase classname="Saucedemo_Tests.PlaceOrderTest" name="E2E_Application" time="11.452"/>
  <system-out/>
</testsuite> <!-- Saucedemo_Tests.PlaceOrderTest -->
