<?xml version="1.0" encoding="UTF-8"?>
<!-- Generated by org.testng.reporters.JUnitReportReporter -->
<testsuite hostname="ChandNaz" failures="0" tests="1" name="Saucedemo_Tests.Test1" time="14.054" errors="0" timestamp="2025-01-02T20:45:07 IST" skipped="0">
  <testcase classname="Saucedemo_Tests.Test1" name="E2E_Application" time="14.054"/>
  <system-out/>
</testsuite> <!-- Saucedemo_Tests.Test1 -->
